Array
(
    [0] => Array
        (
            [user_id] => 8
            [email] => tes@gmail.com
        )

    [1] => Array
        (
            [user_id] => 9
            [email] => testes@a
        )

)
Keyword: te
Array
(
    [0] => Array
        (
            [user_id] => 8
            [email] => tes@gmail.com
        )

    [1] => Array
        (
            [user_id] => 9
            [email] => testes@a
        )

)
Array
(
)
Keyword: jm
Array
(
)
Array
(
    [0] => Array
        (
            [user_id] => 8
            [email] => tes@gmail.com
        )

)
Keyword: ma
Array
(
    [0] => Array
        (
            [user_id] => 8
            [email] => tes@gmail.com
        )

)
Array
(
)
Keyword: mah
Array
(
)
Array
(
    [0] => Array
        (
            [user_id] => 8
            [email] => tes@gmail.com
        )

)
Keyword: ma
Array
(
    [0] => Array
        (
            [user_id] => 8
            [email] => tes@gmail.com
        )

)
Array
(
    [0] => Array
        (
            [user_id] => 8
            [email] => tes@gmail.com
        )

    [1] => Array
        (
            [user_id] => 9
            [email] => testes@a
        )

)
Keyword: te
Array
(
    [0] => Array
        (
            [user_id] => 8
            [email] => tes@gmail.com
        )

    [1] => Array
        (
            [user_id] => 9
            [email] => testes@a
        )

)
Array
(
    [0] => Array
        (
            [user_id] => 8
            [email] => tes@gmail.com
        )

    [1] => Array
        (
            [user_id] => 9
            [email] => testes@a
        )

)
Keyword: tes
Array
(
    [0] => Array
        (
            [user_id] => 8
            [email] => tes@gmail.com
        )

    [1] => Array
        (
            [user_id] => 9
            [email] => testes@a
        )

)
Array
(
    [0] => Array
        (
            [user_id] => 8
            [email] => tes@gmail.com
        )

    [1] => Array
        (
            [user_id] => 9
            [email] => testes@a
        )

)
Keyword: te
Array
(
    [0] => Array
        (
            [user_id] => 8
            [email] => tes@gmail.com
        )

    [1] => Array
        (
            [user_id] => 9
            [email] => testes@a
        )

)
Array
(
)
Keyword: sa
Array
(
)
Array
(
)
Keyword: sad
Array
(
)
Array
(
)
Keyword: sa
Array
(
)
Array
(
    [0] => Array
        (
            [user_id] => 8
            [email] => tes@gmail.com
        )

    [1] => Array
        (
            [user_id] => 9
            [email] => testes@a
        )

)
Keyword: te
Array
(
    [0] => Array
        (
            [user_id] => 8
            [email] => tes@gmail.com
        )

    [1] => Array
        (
            [user_id] => 9
            [email] => testes@a
        )

)
Array
(
    [0] => Array
        (
            [user_id] => 8
            [email] => tes@gmail.com
        )

    [1] => Array
        (
            [user_id] => 9
            [email] => testes@a
        )

)
Keyword: tes
Array
(
    [0] => Array
        (
            [user_id] => 8
            [email] => tes@gmail.com
        )

    [1] => Array
        (
            [user_id] => 9
            [email] => testes@a
        )

)
Array
(
    [0] => Array
        (
            [user_id] => 8
            [email] => tes@gmail.com
        )

    [1] => Array
        (
            [user_id] => 9
            [email] => testes@a
        )

)
Keyword: te
Array
(
    [0] => Array
        (
            [user_id] => 8
            [email] => tes@gmail.com
        )

    [1] => Array
        (
            [user_id] => 9
            [email] => testes@a
        )

)
Array
(
    [0] => Array
        (
            [user_id] => 8
            [email] => tes@gmail.com
        )

    [1] => Array
        (
            [user_id] => 9
            [email] => testes@a
        )

)
Keyword: te
Array
(
    [0] => Array
        (
            [user_id] => 8
            [email] => tes@gmail.com
        )

    [1] => Array
        (
            [user_id] => 9
            [email] => testes@a
        )

)
Array
(
    [0] => Array
        (
            [user_id] => 8
            [email] => tes@gmail.com
        )

    [1] => Array
        (
            [user_id] => 9
            [email] => testes@a
        )

)
Keyword: te
Array
(
    [0] => Array
        (
            [user_id] => 8
            [email] => tes@gmail.com
        )

    [1] => Array
        (
            [user_id] => 9
            [email] => testes@a
        )

)
Array
(
    [0] => Array
        (
            [user_id] => 8
            [email] => tes@gmail.com
        )

    [1] => Array
        (
            [user_id] => 9
            [email] => testes@a
        )

)
Keyword: tes
Array
(
    [0] => Array
        (
            [user_id] => 8
            [email] => tes@gmail.com
        )

    [1] => Array
        (
            [user_id] => 9
            [email] => testes@a
        )

)
Query Result: Array
(
)
Keyword: <br /><b>Warning</b>:  Trying to access array offset on false in <b>C:\laragon\www\siptama\app\views\mahasiswa\edit.php</b> on line <b>20</b><br />
Array
(
)
Array
(
)
Keyword: <br /><b>Warning</b>:  Trying to access array offset on false in <b>C:\laragon\www\siptam\app\views\mahasiswa\edit.php</b> on line <b>20</b><br />
Array
(
)
Query Result: Query Result: Query Result: Query Result: Query Result: Query Result: Query Result: Query Result: Query Result: Array
(
    [mahasiswa_id] => 1
    [user_id] => 5
    [nim] => S001
    [jurusan] => Informatika
    [semester_active] => Ganjil 2024
    [created_at] => 2024-11-26 17:50:18
    [updated_at] => 2024-11-26 17:50:18
    [username] => mahasiswa1
    [email] => mahasiswa1@univ.ac.id
    [role] => mahasiswa
)
Query Result: Array
(
    [mahasiswa_id] => 1
    [user_id] => 5
    [nim] => S001
    [jurusan] => Informatika
    [semester_active] => Ganjil 2024
    [created_at] => 2024-11-26 17:50:18
    [updated_at] => 2024-11-26 17:50:18
    [username] => mahasiswa1
    [email] => mahasiswa1@univ.ac.id
    [role] => mahasiswa
)
Query Result: Array
(
    [mahasiswa_id] => 1
    [user_id] => 5
    [nim] => S001
    [jurusan] => Informatika
    [semester_active] => Ganjil 2024
    [created_at] => 2024-11-26 17:50:18
    [updated_at] => 2024-11-26 17:50:18
    [username] => mahasiswa1
    [email] => mahasiswa1@univ.ac.id
    [role] => mahasiswa
)
Query Result: Array
(
    [mahasiswa_id] => 1
    [user_id] => 5
    [nim] => S001
    [jurusan] => Informatika
    [semester_active] => Ganjil 2024
    [created_at] => 2024-11-26 17:50:18
    [updated_at] => 2024-11-26 17:50:18
    [username] => mahasiswa1
    [email] => mahasiswa1@univ.ac.id
    [role] => mahasiswa
)
Query Result: Query Result: Array
(
    [mahasiswa_id] => 2
    [user_id] => 6
    [nim] => S002
    [jurusan] => Informatika
    [semester_active] => Ganjil 2024
    [created_at] => 2024-11-26 17:50:18
    [updated_at] => 2024-11-26 17:50:18
    [username] => mahasiswa2
    [email] => mahasiswa2@univ.ac.id
    [role] => mahasiswa
)
Query Result: Query Result: Array
(
    [mahasiswa_id] => 9
    [user_id] => 8
    [nim] => asdf
    [jurusan] => adsf
    [semester_active] => asdf
    [created_at] => 2024-12-01 10:53:27
    [updated_at] => 2024-12-01 10:53:27
    [username] => tes
    [email] => tes@gmail.com
    [role] => mahasiswa
)
Query Result: Query Result: Array
(
    [mahasiswa_id] => 2
    [user_id] => 6
    [nim] => S002
    [jurusan] => Informatika
    [semester_active] => Ganjil 2024
    [created_at] => 2024-11-26 17:50:18
    [updated_at] => 2024-11-26 17:50:18
    [username] => mahasiswa2
    [email] => mahasiswa2@univ.ac.id
    [role] => mahasiswa
)
Query Result: Array
(
    [mahasiswa_id] => 2
    [user_id] => 6
    [nim] => S002
    [jurusan] => Informatika
    [semester_active] => Ganjil 2024
    [created_at] => 2024-11-26 17:50:18
    [updated_at] => 2024-11-26 17:50:18
    [username] => mahasiswa2
    [email] => mahasiswa2@univ.ac.id
    [role] => mahasiswa
)
Query Result: Array
(
    [mahasiswa_id] => 9
    [user_id] => 8
    [nim] => asdf
    [jurusan] => adsf
    [semester_active] => asdf
    [created_at] => 2024-12-01 10:53:27
    [updated_at] => 2024-12-01 10:53:27
    [username] => tes
    [email] => tes@gmail.com
    [role] => mahasiswa
)
Keyword: as
Array
(
)
Keyword: asd
Array
(
)
Keyword: asda
Array
(
)
Keyword: asdas
Array
(
)
Keyword: as
Array
(
)
Keyword: asd
Array
(
)
Keyword: asda
Array
(
)
Keyword: asdas
Array
(
)
Keyword: asdasd
Array
(
)
Keyword: asdas
Array
(
)
Keyword: asda
Array
(
)
Keyword: asd
Array
(
)
Keyword: as
Array
(
)
Keyword: te
Array
(
    [0] => Array
        (
            [user_id] => 9
            [email] => testes@a
        )

)
Keyword: tes
Array
(
    [0] => Array
        (
            [user_id] => 9
            [email] => testes@a
        )

)
Query Result: Array
(
    [mahasiswa_id] => 10
    [user_id] => 9
    [nim] => 223443
    [jurusan] => asd
    [semester_active] => asd
    [created_at] => 2024-12-01 12:15:22
    [updated_at] => 2024-12-01 12:15:22
    [username] => tes
    [email] => testes@a
    [role] => mahasiswa
)
Query Result: Array
(
    [mahasiswa_id] => 10
    [user_id] => 9
    [nim] => 223443
    [jurusan] => asd
    [semester_active] => asd
    [created_at] => 2024-12-01 12:15:22
    [updated_at] => 2024-12-01 12:15:22
    [username] => tes
    [email] => testes@a
    [role] => mahasiswa
)
Query Result: Array
(
    [mahasiswa_id] => 10
    [user_id] => 9
    [nim] => 223443
    [jurusan] => asd
    [semester_active] => asd
    [created_at] => 2024-12-01 12:15:22
    [updated_at] => 2024-12-01 12:15:22
    [username] => tes
    [email] => testes@a
    [role] => mahasiswa
)
Query Result: Array
(
    [mahasiswa_id] => 10
    [user_id] => 9
    [nim] => 223443
    [jurusan] => asd
    [semester_active] => asd
    [created_at] => 2024-12-01 12:15:22
    [updated_at] => 2024-12-01 12:15:22
    [username] => tes
    [email] => testes@a
    [role] => mahasiswa
)
Keyword: testes@
Array
(
)
Keyword: testes@e
Array
(
)
Keyword: testes@
Array
(
)
Keyword: testes
Array
(
)
Keyword: teste
Array
(
)
Keyword: test
Array
(
)
Keyword: tes
Array
(
)
Keyword: te
Array
(
)
Keyword: te
Array
(
)
Keyword: tes
Array
(
)
Keyword: te
Array
(
)
Keyword: te
Array
(
)
Keyword: tes
Array
(
)
Keyword: test
Array
(
)
Keyword: tes
Array
(
)
Keyword: test
Array
(
)
Keyword: tes
Array
(
)
Keyword: te
Array
(
)
Keyword: tes
Array
(
)
Keyword: te
Array
(
)
Keyword: tes
Array
(
)
Keyword: test
Array
(
)
Keyword: testes@
Array
(
)
Keyword: testes@e
Array
(
)
Keyword: testes@a
Array
(
)
Keyword: testes@ad
Array
(
)
Keyword: testes@ads
Array
(
)
Keyword: testes@adsf
Array
(
)
Error in updateMahasiswa: SQLSTATE[42S22]: Column not found: 1054 Unknown column 'username' in 'field list'Query Result: Array
(
    [mahasiswa_id] => 10
    [user_id] => 9
    [nim] => 223443
    [jurusan] => asd
    [semester_active] => asd
    [created_at] => 2024-12-01 12:15:22
    [updated_at] => 2024-12-01 12:15:22
    [username] => tes
    [email] => testes@a
    [role] => mahasiswa
)
Keyword: testes@aa
Array
(
)
Keyword: testes@aas
Array
(
)
Keyword: testes@aasd
Array
(
)
Keyword: testes@aasdf
Array
(
)
Error in updateMahasiswa: SQLSTATE[42S22]: Column not found: 1054 Unknown column 'username' in 'field list'Query Result: Array
(
    [mahasiswa_id] => 10
    [user_id] => 9
    [nim] => 223443
    [jurusan] => asd
    [semester_active] => asd
    [created_at] => 2024-12-01 12:15:22
    [updated_at] => 2024-12-01 12:15:22
    [username] => tes
    [email] => testes@a
    [role] => mahasiswa
)
Error in updateMahasiswa: SQLSTATE[42S22]: Column not found: 1054 Unknown column 'username' in 'field list'Query Result: Array
(
    [mahasiswa_id] => 10
    [user_id] => 9
    [nim] => 223443
    [jurusan] => asd
    [semester_active] => asd
    [created_at] => 2024-12-01 12:15:22
    [updated_at] => 2024-12-01 12:15:22
    [username] => tes
    [email] => testes@a
    [role] => mahasiswa
)
Error in updateMahasiswa: SQLSTATE[42S22]: Column not found: 1054 Unknown column 'username' in 'field list'Query Result: Array
(
    [mahasiswa_id] => 10
    [user_id] => 9
    [nim] => 223443
    [jurusan] => asd
    [semester_active] => asd
    [created_at] => 2024-12-01 12:15:22
    [updated_at] => 2024-12-01 12:15:22
    [username] => tes
    [email] => testes@a
    [role] => mahasiswa
)
Error in updateMahasiswa: SQLSTATE[42S22]: Column not found: 1054 Unknown column 'username' in 'field list'Query Result: Array
(
    [mahasiswa_id] => 10
    [user_id] => 9
    [nim] => 223443
    [jurusan] => asd
    [semester_active] => asd
    [created_at] => 2024-12-01 12:15:22
    [updated_at] => 2024-12-01 12:15:22
    [username] => tes
    [email] => testes@a
    [role] => mahasiswa
)
Error in updateMahasiswa: SQLSTATE[42S22]: Column not found: 1054 Unknown column 'username' in 'field list'Query Result: Array
(
    [mahasiswa_id] => 10
    [user_id] => 9
    [nim] => 223443
    [jurusan] => asd
    [semester_active] => asd
    [created_at] => 2024-12-01 12:15:22
    [updated_at] => 2024-12-01 12:15:22
    [username] => tes
    [email] => testes@a
    [role] => mahasiswa
)
Error in updateMahasiswa: SQLSTATE[42S22]: Column not found: 1054 Unknown column 'username' in 'field list'Query Result: Array
(
    [mahasiswa_id] => 10
    [user_id] => 9
    [nim] => 223443
    [jurusan] => asd
    [semester_active] => asd
    [created_at] => 2024-12-01 12:15:22
    [updated_at] => 2024-12-01 12:15:22
    [username] => tes
    [email] => testes@a
    [role] => mahasiswa
)
Keyword: as
Array
(
)
Keyword: asd
Array
(
)
Keyword: asdf
Array
(
)
Query Result: Array
(
    [mahasiswa_id] => 9
    [user_id] => 8
    [nim] => asdf
    [jurusan] => adsf
    [semester_active] => asdf
    [created_at] => 2024-12-01 10:53:27
    [updated_at] => 2024-12-01 10:53:27
    [username] => tes
    [email] => tes@gmail.com
    [role] => mahasiswa
)
Error in updateMahasiswa: SQLSTATE[42S22]: Column not found: 1054 Unknown column 'username' in 'field list'Query Result: Array
(
    [mahasiswa_id] => 9
    [user_id] => 8
    [nim] => asdf
    [jurusan] => adsf
    [semester_active] => asdf
    [created_at] => 2024-12-01 10:53:27
    [updated_at] => 2024-12-01 10:53:27
    [username] => tes
    [email] => tes@gmail.com
    [role] => mahasiswa
)
Error in updateMahasiswa: SQLSTATE[42S22]: Column not found: 1054 Unknown column 'username' in 'field list'Query Result: Array
(
    [mahasiswa_id] => 9
    [user_id] => 8
    [nim] => asdf
    [jurusan] => adsf
    [semester_active] => asdf
    [created_at] => 2024-12-01 10:53:27
    [updated_at] => 2024-12-01 10:53:27
    [username] => tes
    [email] => tes@gmail.com
    [role] => mahasiswa
)
Error in updateMahasiswa: SQLSTATE[42S22]: Column not found: 1054 Unknown column 'username' in 'field list'Query Result: Array
(
    [mahasiswa_id] => 9
    [user_id] => 8
    [nim] => asdf
    [jurusan] => adsf
    [semester_active] => asdf
    [created_at] => 2024-12-01 10:53:27
    [updated_at] => 2024-12-01 10:53:27
    [username] => tes
    [email] => tes@gmail.com
    [role] => mahasiswa
)
Error in updateMahasiswa: SQLSTATE[42S22]: Column not found: 1054 Unknown column 'username' in 'field list'Query Result: Array
(
    [mahasiswa_id] => 9
    [user_id] => 8
    [nim] => asdf
    [jurusan] => adsf
    [semester_active] => asdf
    [created_at] => 2024-12-01 10:53:27
    [updated_at] => 2024-12-01 10:53:27
    [username] => tes
    [email] => tes@gmail.com
    [role] => mahasiswa
)
Error in updateMahasiswa: SQLSTATE[42S22]: Column not found: 1054 Unknown column 'username' in 'field list'Query Result: Array
(
    [mahasiswa_id] => 9
    [user_id] => 8
    [nim] => asdf
    [jurusan] => adsf
    [semester_active] => asdf
    [created_at] => 2024-12-01 10:53:27
    [updated_at] => 2024-12-01 10:53:27
    [username] => tes
    [email] => tes@gmail.com
    [role] => mahasiswa
)
Error in updateMahasiswa: SQLSTATE[42S22]: Column not found: 1054 Unknown column 'username' in 'field list'Query Result: Array
(
    [mahasiswa_id] => 9
    [user_id] => 8
    [nim] => asdf
    [jurusan] => adsf
    [semester_active] => asdf
    [created_at] => 2024-12-01 10:53:27
    [updated_at] => 2024-12-01 10:53:27
    [username] => tes
    [email] => tes@gmail.com
    [role] => mahasiswa
)
Error in updateMahasiswa: SQLSTATE[42S22]: Column not found: 1054 Unknown column 'username' in 'field list'Query Result: Array
(
    [mahasiswa_id] => 9
    [user_id] => 8
    [nim] => asdf
    [jurusan] => adsf
    [semester_active] => asdf
    [created_at] => 2024-12-01 10:53:27
    [updated_at] => 2024-12-01 10:53:27
    [username] => tes
    [email] => tes@gmail.com
    [role] => mahasiswa
)
Query Result: Array
(
    [mahasiswa_id] => 10
    [user_id] => 9
    [nim] => 223443
    [jurusan] => asd
    [semester_active] => asd
    [created_at] => 2024-12-01 12:15:22
    [updated_at] => 2024-12-01 12:15:22
    [username] => tes
    [email] => testes@a
    [role] => mahasiswa
)
Query Result: Array
(
    [mahasiswa_id] => 9
    [user_id] => 8
    [nim] => asdf
    [jurusan] => adsfad
    [semester_active] => asdf
    [created_at] => 2024-12-01 10:53:27
    [updated_at] => 2024-12-01 12:19:58
    [username] => tes
    [email] => tes@gmail.com
    [role] => mahasiswa
)
Query Result: Array
(
    [mahasiswa_id] => 10
    [user_id] => 9
    [nim] => 223443
    [jurusan] => asd
    [semester_active] => lml
    [created_at] => 2024-12-01 12:15:22
    [updated_at] => 2024-12-01 12:20:06
    [username] => tes
    [email] => testes@a
    [role] => mahasiswa
)
Query Result: Array
(
    [mahasiswa_id] => 10
    [user_id] => 9
    [nim] => 223443
    [jurusan] => asd
    [semester_active] => lml
    [created_at] => 2024-12-01 12:15:22
    [updated_at] => 2024-12-01 12:20:06
    [username] => tes
    [email] => testes@a
    [role] => mahasiswa
)
Query Result: Array
(
    [mahasiswa_id] => 10
    [user_id] => 9
    [nim] => 223443
    [jurusan] => asd
    [semester_active] => lml
    [created_at] => 2024-12-01 12:15:22
    [updated_at] => 2024-12-01 12:20:06
    [username] => tes
    [email] => testes@a
    [role] => mahasiswa
)
Query Result: Array
(
    [mahasiswa_id] => 10
    [user_id] => 9
    [nim] => 223443
    [jurusan] => asd
    [semester_active] => lml
    [created_at] => 2024-12-01 12:15:22
    [updated_at] => 2024-12-01 12:20:06
    [username] => tes
    [email] => testes@a
    [role] => mahasiswa
)
Query Result: Array
(
    [mahasiswa_id] => 10
    [user_id] => 9
    [nim] => 223443
    [jurusan] => asd
    [semester_active] => lml
    [created_at] => 2024-12-01 12:15:22
    [updated_at] => 2024-12-01 12:20:06
    [username] => tes
    [email] => testes@a
    [role] => mahasiswa
)
Query Result: Array
(
    [mahasiswa_id] => 10
    [user_id] => 9
    [nim] => 223443
    [jurusan] => asd
    [semester_active] => lml5ey
    [created_at] => 2024-12-01 12:15:22
    [updated_at] => 2024-12-01 12:20:48
    [username] => tes
    [email] => testes@a
    [role] => mahasiswa
)
Query Result: Array
(
    [mahasiswa_id] => 10
    [user_id] => 9
    [nim] => 223443
    [jurusan] => asd
    [semester_active] => lml5ey
    [created_at] => 2024-12-01 12:15:22
    [updated_at] => 2024-12-01 12:20:48
    [username] => tes
    [email] => testes@a
    [role] => mahasiswa
)
Query Result: Array
(
    [mahasiswa_id] => 10
    [user_id] => 9
    [nim] => 223443
    [jurusan] => asd
    [semester_active] => lml5ey
    [created_at] => 2024-12-01 12:15:22
    [updated_at] => 2024-12-01 12:20:48
    [username] => tes
    [email] => testes@a
    [role] => mahasiswa
)
Query Result: Array
(
    [mahasiswa_id] => 10
    [user_id] => 9
    [nim] => 223443
    [jurusan] => asd
    [semester_active] => lml5ey
    [created_at] => 2024-12-01 12:15:22
    [updated_at] => 2024-12-01 12:20:48
    [username] => tes
    [email] => testes@a
    [role] => mahasiswa
)
Query Result: Array
(
    [mahasiswa_id] => 10
    [user_id] => 9
    [nim] => 223443
    [jurusan] => asd
    [semester_active] => lml5ey
    [created_at] => 2024-12-01 12:15:22
    [updated_at] => 2024-12-01 12:20:48
    [username] => tes
    [email] => testes@a
    [role] => mahasiswa
)
Query Result: Array
(
    [mahasiswa_id] => 9
    [user_id] => 8
    [nim] => asdf
    [jurusan] => adsfad
    [semester_active] => asdf
    [created_at] => 2024-12-01 10:53:27
    [updated_at] => 2024-12-01 12:19:58
    [username] => tes
    [email] => tes@gmail.com
    [role] => mahasiswa
)
Query Result: Array
(
    [mahasiswa_id] => 9
    [user_id] => 8
    [nim] => asdfasd
    [jurusan] => adsfadasd
    [semester_active] => asdfsadasdasd
    [created_at] => 2024-12-01 10:53:27
    [updated_at] => 2024-12-01 13:06:53
    [username] => tes
    [email] => tes@gmail.com
    [role] => mahasiswa
)
Query Result: Array
(
    [mahasiswa_id] => 9
    [user_id] => 8
    [nim] => asdfasd
    [jurusan] => adsfadasd
    [semester_active] => asdfsadasdasd
    [created_at] => 2024-12-01 10:53:27
    [updated_at] => 2024-12-01 13:06:53
    [username] => tes
    [email] => tes@gmail.com
    [role] => mahasiswa
)
Query Result: Array
(
    [mahasiswa_id] => 2
    [user_id] => 6
    [nim] => S002
    [jurusan] => Informatika
    [semester_active] => Ganjil 2024
    [created_at] => 2024-11-26 17:50:18
    [updated_at] => 2024-11-26 17:50:18
    [username] => mahasiswa2
    [email] => mahasiswa2@univ.ac.id
    [role] => mahasiswa
)
Query Result: Array
(
    [mahasiswa_id] => 2
    [user_id] => 6
    [nim] => S002
    [jurusan] => Informatika
    [semester_active] => Ganjil 2024
    [created_at] => 2024-11-26 17:50:18
    [updated_at] => 2024-11-26 17:50:18
    [username] => mahasiswa2
    [email] => mahasiswa2@univ.ac.id
    [role] => mahasiswa
)
Query Result: Array
(
    [mahasiswa_id] => 1
    [user_id] => 5
    [nim] => S001
    [jurusan] => Informatika
    [semester_active] => Ganjil 2024
    [created_at] => 2024-11-26 17:50:18
    [updated_at] => 2024-11-26 17:50:18
    [username] => mahasiswa1
    [email] => mahasiswa1@univ.ac.id
    [role] => mahasiswa
)
Query Result: Array
(
    [mahasiswa_id] => 2
    [user_id] => 6
    [nim] => S002
    [jurusan] => Informatika
    [semester_active] => Ganjil 2024
    [created_at] => 2024-11-26 17:50:18
    [updated_at] => 2024-11-26 17:50:18
    [username] => mahasiswa2
    [email] => mahasiswa2@univ.ac.id
    [role] => mahasiswa
)
Query Result: Array
(
    [mahasiswa_id] => 1
    [user_id] => 5
    [nim] => S001
    [jurusan] => Informatika
    [semester_active] => Ganjil 2024
    [created_at] => 2024-11-26 17:50:18
    [updated_at] => 2024-11-26 17:50:18
    [username] => mahasiswa1
    [email] => mahasiswa1@univ.ac.id
    [role] => mahasiswa
)
Query Result: Array
(
    [mahasiswa_id] => 2
    [user_id] => 6
    [nim] => S002
    [jurusan] => Informatika
    [semester_active] => Ganjil 2024
    [created_at] => 2024-11-26 17:50:18
    [updated_at] => 2024-11-26 17:50:18
    [username] => mahasiswa2
    [email] => mahasiswa2@univ.ac.id
    [role] => mahasiswa
)
Query Result: Array
(
    [mahasiswa_id] => 1
    [user_id] => 5
    [nim] => S001
    [jurusan] => Informatika
    [semester_active] => Ganjil 2024
    [created_at] => 2024-11-26 17:50:18
    [updated_at] => 2024-11-26 17:50:18
    [username] => mahasiswa1
    [email] => mahasiswa1@univ.ac.id
    [role] => mahasiswa
)
Query Result: Array
(
    [mahasiswa_id] => 2
    [user_id] => 6
    [nim] => S002
    [jurusan] => Informatika
    [semester_active] => Ganjil 2024
    [created_at] => 2024-11-26 17:50:18
    [updated_at] => 2024-11-26 17:50:18
    [username] => mahasiswa2
    [email] => mahasiswa2@univ.ac.id
    [role] => mahasiswa
)
Query Result: Array
(
    [mahasiswa_id] => 1
    [user_id] => 5
    [nim] => S001
    [jurusan] => Informatika
    [semester_active] => Ganjil 2024
    [created_at] => 2024-11-26 17:50:18
    [updated_at] => 2024-11-26 17:50:18
    [username] => mahasiswa1
    [email] => mahasiswa1@univ.ac.id
    [role] => mahasiswa
)
Query Result: Array
(
    [mahasiswa_id] => 2
    [user_id] => 6
    [nim] => S002
    [jurusan] => Informatika
    [semester_active] => Ganjil 2024
    [created_at] => 2024-11-26 17:50:18
    [updated_at] => 2024-11-26 17:50:18
    [username] => mahasiswa2
    [email] => mahasiswa2@univ.ac.id
    [role] => mahasiswa
)
Query Result: Array
(
    [mahasiswa_id] => 1
    [user_id] => 5
    [nim] => S001
    [jurusan] => Informatika
    [semester_active] => Ganjil 2024
    [created_at] => 2024-11-26 17:50:18
    [updated_at] => 2024-11-26 17:50:18
    [username] => mahasiswa1
    [email] => mahasiswa1@univ.ac.id
    [role] => mahasiswa
)
Query Result: Array
(
    [mahasiswa_id] => 2
    [user_id] => 6
    [nim] => S002
    [jurusan] => Informatika
    [semester_active] => Ganjil 2024
    [created_at] => 2024-11-26 17:50:18
    [updated_at] => 2024-11-26 17:50:18
    [username] => mahasiswa2
    [email] => mahasiswa2@univ.ac.id
    [role] => mahasiswa
)
Query Result: Array
(
    [mahasiswa_id] => 1
    [user_id] => 5
    [nim] => S001
    [jurusan] => Informatika
    [semester_active] => Ganjil 2024
    [created_at] => 2024-11-26 17:50:18
    [updated_at] => 2024-11-26 17:50:18
    [username] => mahasiswa1
    [email] => mahasiswa1@univ.ac.id
    [role] => mahasiswa
)
Query Result: Array
(
    [mahasiswa_id] => 2
    [user_id] => 6
    [nim] => S002
    [jurusan] => Informatika
    [semester_active] => Ganjil 2024
    [created_at] => 2024-11-26 17:50:18
    [updated_at] => 2024-11-26 17:50:18
    [username] => mahasiswa2
    [email] => mahasiswa2@univ.ac.id
    [role] => mahasiswa
)
Query Result: Array
(
    [mahasiswa_id] => 1
    [user_id] => 5
    [nim] => S001
    [jurusan] => Informatika
    [semester_active] => Ganjil 2024
    [created_at] => 2024-11-26 17:50:18
    [updated_at] => 2024-11-26 17:50:18
    [username] => mahasiswa1
    [email] => mahasiswa1@univ.ac.id
    [role] => mahasiswa
)
Query Result: Array
(
    [mahasiswa_id] => 2
    [user_id] => 6
    [nim] => S002
    [jurusan] => Informatika
    [semester_active] => Ganjil 2024
    [created_at] => 2024-11-26 17:50:18
    [updated_at] => 2024-11-26 17:50:18
    [username] => mahasiswa2
    [email] => mahasiswa2@univ.ac.id
    [role] => mahasiswa
)
Query Result: Array
(
    [mahasiswa_id] => 1
    [user_id] => 5
    [nim] => S001
    [jurusan] => Informatika
    [semester_active] => Ganjil 2024
    [created_at] => 2024-11-26 17:50:18
    [updated_at] => 2024-11-26 17:50:18
    [username] => mahasiswa1
    [email] => mahasiswa1@univ.ac.id
    [role] => mahasiswa
)
Query Result: Array
(
    [mahasiswa_id] => 2
    [user_id] => 6
    [nim] => S002
    [jurusan] => Informatika
    [semester_active] => Ganjil 2024
    [created_at] => 2024-11-26 17:50:18
    [updated_at] => 2024-11-26 17:50:18
    [username] => mahasiswa2
    [email] => mahasiswa2@univ.ac.id
    [role] => mahasiswa
)
Query Result: Array
(
    [mahasiswa_id] => 1
    [user_id] => 5
    [nim] => S001
    [jurusan] => Informatika
    [semester_active] => Ganjil 2024
    [created_at] => 2024-11-26 17:50:18
    [updated_at] => 2024-11-26 17:50:18
    [username] => mahasiswa1
    [email] => mahasiswa1@univ.ac.id
    [role] => mahasiswa
)
Query Result: Array
(
    [mahasiswa_id] => 2
    [user_id] => 6
    [nim] => S002
    [jurusan] => Informatika
    [semester_active] => Ganjil 2024
    [created_at] => 2024-11-26 17:50:18
    [updated_at] => 2024-11-26 17:50:18
    [username] => mahasiswa2
    [email] => mahasiswa2@univ.ac.id
    [role] => mahasiswa
)
